{"/home/nexus/Personal Projects/E-Commerce-API/src/app.js": {"path":"/home/nexus/Personal Projects/E-Commerce-API/src/app.js","statementMap":{"0":{"start":{"line":33,"column":12},"end":{"line":33,"column":21}},"1":{"start":{"line":35,"column":0},"end":{"line":35,"column":18}},"2":{"start":{"line":36,"column":0},"end":{"line":36,"column":16}},"3":{"start":{"line":37,"column":0},"end":{"line":37,"column":24}},"4":{"start":{"line":38,"column":0},"end":{"line":38,"column":48}},"5":{"start":{"line":41,"column":0},"end":{"line":41,"column":72}},"6":{"start":{"line":44,"column":0},"end":{"line":44,"column":24}},"7":{"start":{"line":47,"column":0},"end":{"line":47,"column":22}}},"fnMap":{},"branchMap":{},"s":{"0":3,"1":3,"2":3,"3":3,"4":3,"5":3,"6":3,"7":3},"f":{},"b":{},"inputSourceMap":null,"_coverageSchema":"1a1c01bbd47fc00a2c39e90264f33305004495a9","hash":"87451c2d42468b08fba70c0b98c6c079bd5b5efc"}
,"/home/nexus/Personal Projects/E-Commerce-API/src/config/db.js": {"path":"/home/nexus/Personal Projects/E-Commerce-API/src/config/db.js","statementMap":{"0":{"start":{"line":3,"column":0},"end":{"line":3,"column":16}},"1":{"start":{"line":5,"column":18},"end":{"line":15,"column":1}}},"fnMap":{},"branchMap":{"0":{"loc":{"start":{"line":10,"column":10},"end":{"line":10,"column":44}},"type":"binary-expr","locations":[{"start":{"line":10,"column":10},"end":{"line":10,"column":29}},{"start":{"line":10,"column":33},"end":{"line":10,"column":44}}],"line":10},"1":{"loc":{"start":{"line":11,"column":10},"end":{"line":11,"column":37}},"type":"binary-expr","locations":[{"start":{"line":11,"column":10},"end":{"line":11,"column":29}},{"start":{"line":11,"column":33},"end":{"line":11,"column":37}}],"line":11}},"s":{"0":3,"1":3},"f":{},"b":{"0":[3,0],"1":[3,0]},"inputSourceMap":null,"_coverageSchema":"1a1c01bbd47fc00a2c39e90264f33305004495a9","hash":"68e12aa01b95c0a99f632adafa3305dfc886e625"}
,"/home/nexus/Personal Projects/E-Commerce-API/src/controllers/auth.controller.js": {"path":"/home/nexus/Personal Projects/E-Commerce-API/src/controllers/auth.controller.js","statementMap":{"0":{"start":{"line":5,"column":17},"end":{"line":5,"column":23}},"1":{"start":{"line":7,"column":22},"end":{"line":17,"column":1}},"2":{"start":{"line":8,"column":2},"end":{"line":16,"column":30}},"3":{"start":{"line":9,"column":44},"end":{"line":9,"column":52}},"4":{"start":{"line":10,"column":21},"end":{"line":10,"column":61}},"5":{"start":{"line":11,"column":4},"end":{"line":11,"column":83}},"6":{"start":{"line":11,"column":18},"end":{"line":11,"column":83}},"7":{"start":{"line":13,"column":17},"end":{"line":13,"column":87}},"8":{"start":{"line":14,"column":18},"end":{"line":14,"column":127}},"9":{"start":{"line":15,"column":4},"end":{"line":15,"column":112}},"10":{"start":{"line":16,"column":18},"end":{"line":16,"column":28}},"11":{"start":{"line":21,"column":21},"end":{"line":30,"column":1}},"12":{"start":{"line":22,"column":2},"end":{"line":29,"column":30}},"13":{"start":{"line":23,"column":32},"end":{"line":23,"column":40}},"14":{"start":{"line":24,"column":17},"end":{"line":24,"column":57}},"15":{"start":{"line":25,"column":4},"end":{"line":25,"column":122}},"16":{"start":{"line":25,"column":58},"end":{"line":25,"column":122}},"17":{"start":{"line":27,"column":18},"end":{"line":27,"column":127}},"18":{"start":{"line":28,"column":4},"end":{"line":28,"column":100}},"19":{"start":{"line":29,"column":18},"end":{"line":29,"column":28}}},"fnMap":{"0":{"name":"(anonymous_0)","decl":{"start":{"line":7,"column":22},"end":{"line":7,"column":23}},"loc":{"start":{"line":7,"column":48},"end":{"line":17,"column":1}},"line":7},"1":{"name":"(anonymous_1)","decl":{"start":{"line":21,"column":21},"end":{"line":21,"column":22}},"loc":{"start":{"line":21,"column":47},"end":{"line":30,"column":1}},"line":21}},"branchMap":{"0":{"loc":{"start":{"line":11,"column":4},"end":{"line":11,"column":83}},"type":"if","locations":[{"start":{"line":11,"column":4},"end":{"line":11,"column":83}},{"start":{},"end":{}}],"line":11},"1":{"loc":{"start":{"line":13,"column":66},"end":{"line":13,"column":84}},"type":"binary-expr","locations":[{"start":{"line":13,"column":66},"end":{"line":13,"column":70}},{"start":{"line":13,"column":74},"end":{"line":13,"column":84}}],"line":13},"2":{"loc":{"start":{"line":25,"column":4},"end":{"line":25,"column":122}},"type":"if","locations":[{"start":{"line":25,"column":4},"end":{"line":25,"column":122}},{"start":{},"end":{}}],"line":25},"3":{"loc":{"start":{"line":25,"column":8},"end":{"line":25,"column":56}},"type":"binary-expr","locations":[{"start":{"line":25,"column":8},"end":{"line":25,"column":13}},{"start":{"line":25,"column":17},"end":{"line":25,"column":56}}],"line":25}},"s":{"0":3,"1":3,"2":4,"3":4,"4":4,"5":4,"6":0,"7":4,"8":4,"9":4,"10":0,"11":3,"12":4,"13":4,"14":4,"15":4,"16":0,"17":4,"18":4,"19":0},"f":{"0":4,"1":4},"b":{"0":[0,4],"1":[4,1],"2":[0,4],"3":[4,4]},"inputSourceMap":null,"_coverageSchema":"1a1c01bbd47fc00a2c39e90264f33305004495a9","hash":"7acc5c9801650555db0a4e27a21e0ccdd1dcdae3"}
,"/home/nexus/Personal Projects/E-Commerce-API/src/controllers/cart.controller.js": {"path":"/home/nexus/Personal Projects/E-Commerce-API/src/controllers/cart.controller.js","statementMap":{"0":{"start":{"line":3,"column":30},"end":{"line":3,"column":36}},"1":{"start":{"line":5,"column":25},"end":{"line":26,"column":1}},"2":{"start":{"line":6,"column":2},"end":{"line":25,"column":30}},"3":{"start":{"line":7,"column":40},"end":{"line":7,"column":48}},"4":{"start":{"line":8,"column":20},"end":{"line":8,"column":53}},"5":{"start":{"line":9,"column":4},"end":{"line":9,"column":80}},"6":{"start":{"line":9,"column":18},"end":{"line":9,"column":80}},"7":{"start":{"line":12,"column":19},"end":{"line":12,"column":88}},"8":{"start":{"line":13,"column":4},"end":{"line":23,"column":5}},"9":{"start":{"line":14,"column":6},"end":{"line":14,"column":36}},"10":{"start":{"line":15,"column":6},"end":{"line":15,"column":28}},"11":{"start":{"line":17,"column":6},"end":{"line":22,"column":9}},"12":{"start":{"line":24,"column":4},"end":{"line":24,"column":89}},"13":{"start":{"line":25,"column":18},"end":{"line":25,"column":28}},"14":{"start":{"line":28,"column":23},"end":{"line":37,"column":1}},"15":{"start":{"line":29,"column":2},"end":{"line":36,"column":30}},"16":{"start":{"line":30,"column":18},"end":{"line":33,"column":6}},"17":{"start":{"line":34,"column":18},"end":{"line":34,"column":84}},"18":{"start":{"line":34,"column":42},"end":{"line":34,"column":80}},"19":{"start":{"line":35,"column":4},"end":{"line":35,"column":31}},"20":{"start":{"line":36,"column":18},"end":{"line":36,"column":28}},"21":{"start":{"line":39,"column":30},"end":{"line":46,"column":1}},"22":{"start":{"line":40,"column":2},"end":{"line":45,"column":30}},"23":{"start":{"line":41,"column":17},"end":{"line":41,"column":94}},"24":{"start":{"line":42,"column":4},"end":{"line":42,"column":69}},"25":{"start":{"line":42,"column":15},"end":{"line":42,"column":69}},"26":{"start":{"line":43,"column":4},"end":{"line":43,"column":25}},"27":{"start":{"line":44,"column":4},"end":{"line":44,"column":77}},"28":{"start":{"line":45,"column":18},"end":{"line":45,"column":28}}},"fnMap":{"0":{"name":"(anonymous_0)","decl":{"start":{"line":5,"column":25},"end":{"line":5,"column":26}},"loc":{"start":{"line":5,"column":51},"end":{"line":26,"column":1}},"line":5},"1":{"name":"(anonymous_1)","decl":{"start":{"line":28,"column":23},"end":{"line":28,"column":24}},"loc":{"start":{"line":28,"column":49},"end":{"line":37,"column":1}},"line":28},"2":{"name":"(anonymous_2)","decl":{"start":{"line":34,"column":31},"end":{"line":34,"column":32}},"loc":{"start":{"line":34,"column":42},"end":{"line":34,"column":80}},"line":34},"3":{"name":"(anonymous_3)","decl":{"start":{"line":39,"column":30},"end":{"line":39,"column":31}},"loc":{"start":{"line":39,"column":56},"end":{"line":46,"column":1}},"line":39}},"branchMap":{"0":{"loc":{"start":{"line":7,"column":23},"end":{"line":7,"column":35}},"type":"default-arg","locations":[{"start":{"line":7,"column":34},"end":{"line":7,"column":35}}],"line":7},"1":{"loc":{"start":{"line":9,"column":4},"end":{"line":9,"column":80}},"type":"if","locations":[{"start":{"line":9,"column":4},"end":{"line":9,"column":80}},{"start":{},"end":{}}],"line":9},"2":{"loc":{"start":{"line":13,"column":4},"end":{"line":23,"column":5}},"type":"if","locations":[{"start":{"line":13,"column":4},"end":{"line":23,"column":5}},{"start":{"line":16,"column":11},"end":{"line":23,"column":5}}],"line":13},"3":{"loc":{"start":{"line":42,"column":4},"end":{"line":42,"column":69}},"type":"if","locations":[{"start":{"line":42,"column":4},"end":{"line":42,"column":69}},{"start":{},"end":{}}],"line":42}},"s":{"0":3,"1":3,"2":1,"3":1,"4":1,"5":1,"6":0,"7":1,"8":1,"9":0,"10":0,"11":1,"12":1,"13":0,"14":3,"15":1,"16":1,"17":1,"18":1,"19":1,"20":0,"21":3,"22":0,"23":0,"24":0,"25":0,"26":0,"27":0,"28":0},"f":{"0":1,"1":1,"2":1,"3":0},"b":{"0":[0],"1":[0,1],"2":[0,1],"3":[0,0]},"inputSourceMap":null,"_coverageSchema":"1a1c01bbd47fc00a2c39e90264f33305004495a9","hash":"34c6e92227455d6f06adec9babcf42979ab47491"}
,"/home/nexus/Personal Projects/E-Commerce-API/src/controllers/category.controller.js": {"path":"/home/nexus/Personal Projects/E-Commerce-API/src/controllers/category.controller.js","statementMap":{"0":{"start":{"line":3,"column":21},"end":{"line":3,"column":27}},"1":{"start":{"line":5,"column":22},"end":{"line":15,"column":1}},"2":{"start":{"line":6,"column":2},"end":{"line":14,"column":3}},"3":{"start":{"line":7,"column":21},"end":{"line":7,"column":52}},"4":{"start":{"line":8,"column":4},"end":{"line":11,"column":7}},"5":{"start":{"line":13,"column":4},"end":{"line":13,"column":14}},"6":{"start":{"line":17,"column":22},"end":{"line":29,"column":1}},"7":{"start":{"line":18,"column":2},"end":{"line":28,"column":3}},"8":{"start":{"line":19,"column":21},"end":{"line":19,"column":59}},"9":{"start":{"line":20,"column":4},"end":{"line":20,"column":73}},"10":{"start":{"line":20,"column":19},"end":{"line":20,"column":73}},"11":{"start":{"line":21,"column":4},"end":{"line":21,"column":36}},"12":{"start":{"line":22,"column":4},"end":{"line":25,"column":6}},"13":{"start":{"line":27,"column":4},"end":{"line":27,"column":14}},"14":{"start":{"line":31,"column":30},"end":{"line":40,"column":1}},"15":{"start":{"line":32,"column":2},"end":{"line":39,"column":3}},"16":{"start":{"line":33,"column":21},"end":{"line":33,"column":59}},"17":{"start":{"line":34,"column":4},"end":{"line":34,"column":73}},"18":{"start":{"line":34,"column":19},"end":{"line":34,"column":73}},"19":{"start":{"line":35,"column":4},"end":{"line":35,"column":29}},"20":{"start":{"line":36,"column":4},"end":{"line":36,"column":71}},"21":{"start":{"line":38,"column":4},"end":{"line":38,"column":14}},"22":{"start":{"line":42,"column":20},"end":{"line":49,"column":1}},"23":{"start":{"line":43,"column":2},"end":{"line":48,"column":3}},"24":{"start":{"line":44,"column":23},"end":{"line":44,"column":47}},"25":{"start":{"line":45,"column":4},"end":{"line":45,"column":25}},"26":{"start":{"line":47,"column":4},"end":{"line":47,"column":14}}},"fnMap":{"0":{"name":"(anonymous_0)","decl":{"start":{"line":5,"column":22},"end":{"line":5,"column":23}},"loc":{"start":{"line":5,"column":48},"end":{"line":15,"column":1}},"line":5},"1":{"name":"(anonymous_1)","decl":{"start":{"line":17,"column":22},"end":{"line":17,"column":23}},"loc":{"start":{"line":17,"column":48},"end":{"line":29,"column":1}},"line":17},"2":{"name":"(anonymous_2)","decl":{"start":{"line":31,"column":30},"end":{"line":31,"column":31}},"loc":{"start":{"line":31,"column":56},"end":{"line":40,"column":1}},"line":31},"3":{"name":"(anonymous_3)","decl":{"start":{"line":42,"column":20},"end":{"line":42,"column":21}},"loc":{"start":{"line":42,"column":46},"end":{"line":49,"column":1}},"line":42}},"branchMap":{"0":{"loc":{"start":{"line":20,"column":4},"end":{"line":20,"column":73}},"type":"if","locations":[{"start":{"line":20,"column":4},"end":{"line":20,"column":73}},{"start":{},"end":{}}],"line":20},"1":{"loc":{"start":{"line":34,"column":4},"end":{"line":34,"column":73}},"type":"if","locations":[{"start":{"line":34,"column":4},"end":{"line":34,"column":73}},{"start":{},"end":{}}],"line":34}},"s":{"0":3,"1":3,"2":2,"3":2,"4":2,"5":0,"6":3,"7":0,"8":0,"9":0,"10":0,"11":0,"12":0,"13":0,"14":3,"15":0,"16":0,"17":0,"18":0,"19":0,"20":0,"21":0,"22":3,"23":0,"24":0,"25":0,"26":0},"f":{"0":2,"1":0,"2":0,"3":0},"b":{"0":[0,0],"1":[0,0]},"inputSourceMap":null,"_coverageSchema":"1a1c01bbd47fc00a2c39e90264f33305004495a9","hash":"209042f8f1ffcd424104e4963246c065e0a03c2f"}
,"/home/nexus/Personal Projects/E-Commerce-API/src/controllers/order.controller.js": {"path":"/home/nexus/Personal Projects/E-Commerce-API/src/controllers/order.controller.js","statementMap":{"0":{"start":{"line":3,"column":59},"end":{"line":3,"column":65}},"1":{"start":{"line":5,"column":26},"end":{"line":47,"column":1}},"2":{"start":{"line":6,"column":12},"end":{"line":6,"column":41}},"3":{"start":{"line":7,"column":2},"end":{"line":46,"column":3}},"4":{"start":{"line":8,"column":18},"end":{"line":8,"column":112}},"5":{"start":{"line":9,"column":4},"end":{"line":12,"column":5}},"6":{"start":{"line":10,"column":6},"end":{"line":10,"column":25}},"7":{"start":{"line":11,"column":6},"end":{"line":11,"column":61}},"8":{"start":{"line":15,"column":4},"end":{"line":20,"column":5}},"9":{"start":{"line":16,"column":6},"end":{"line":19,"column":7}},"10":{"start":{"line":17,"column":8},"end":{"line":17,"column":27}},"11":{"start":{"line":18,"column":8},"end":{"line":18,"column":92}},"12":{"start":{"line":22,"column":18},"end":{"line":22,"column":79}},"13":{"start":{"line":22,"column":41},"end":{"line":22,"column":75}},"14":{"start":{"line":23,"column":18},"end":{"line":23,"column":120}},"15":{"start":{"line":25,"column":4},"end":{"line":36,"column":5}},"16":{"start":{"line":26,"column":6},"end":{"line":31,"column":29}},"17":{"start":{"line":34,"column":6},"end":{"line":34,"column":56}},"18":{"start":{"line":35,"column":6},"end":{"line":35,"column":48}},"19":{"start":{"line":39,"column":4},"end":{"line":39,"column":79}},"20":{"start":{"line":41,"column":4},"end":{"line":41,"column":21}},"21":{"start":{"line":42,"column":4},"end":{"line":42,"column":80}},"22":{"start":{"line":44,"column":4},"end":{"line":44,"column":23}},"23":{"start":{"line":45,"column":4},"end":{"line":45,"column":14}},"24":{"start":{"line":49,"column":26},"end":{"line":60,"column":1}},"25":{"start":{"line":50,"column":2},"end":{"line":59,"column":30}},"26":{"start":{"line":51,"column":18},"end":{"line":51,"column":20}},"27":{"start":{"line":52,"column":4},"end":{"line":52,"column":65}},"28":{"start":{"line":52,"column":38},"end":{"line":52,"column":65}},"29":{"start":{"line":53,"column":19},"end":{"line":57,"column":6}},"30":{"start":{"line":58,"column":4},"end":{"line":58,"column":21}},"31":{"start":{"line":59,"column":18},"end":{"line":59,"column":28}}},"fnMap":{"0":{"name":"(anonymous_0)","decl":{"start":{"line":5,"column":26},"end":{"line":5,"column":27}},"loc":{"start":{"line":5,"column":52},"end":{"line":47,"column":1}},"line":5},"1":{"name":"(anonymous_1)","decl":{"start":{"line":22,"column":31},"end":{"line":22,"column":32}},"loc":{"start":{"line":22,"column":41},"end":{"line":22,"column":75}},"line":22},"2":{"name":"(anonymous_2)","decl":{"start":{"line":49,"column":26},"end":{"line":49,"column":27}},"loc":{"start":{"line":49,"column":52},"end":{"line":60,"column":1}},"line":49}},"branchMap":{"0":{"loc":{"start":{"line":9,"column":4},"end":{"line":12,"column":5}},"type":"if","locations":[{"start":{"line":9,"column":4},"end":{"line":12,"column":5}},{"start":{},"end":{}}],"line":9},"1":{"loc":{"start":{"line":16,"column":6},"end":{"line":19,"column":7}},"type":"if","locations":[{"start":{"line":16,"column":6},"end":{"line":19,"column":7}},{"start":{},"end":{}}],"line":16},"2":{"loc":{"start":{"line":52,"column":4},"end":{"line":52,"column":65}},"type":"if","locations":[{"start":{"line":52,"column":4},"end":{"line":52,"column":65}},{"start":{},"end":{}}],"line":52}},"s":{"0":3,"1":3,"2":1,"3":1,"4":1,"5":1,"6":0,"7":0,"8":1,"9":1,"10":0,"11":0,"12":1,"13":1,"14":1,"15":1,"16":1,"17":1,"18":1,"19":1,"20":1,"21":1,"22":0,"23":0,"24":3,"25":1,"26":1,"27":1,"28":1,"29":1,"30":1,"31":0},"f":{"0":1,"1":1,"2":1},"b":{"0":[0,1],"1":[0,1],"2":[1,0]},"inputSourceMap":null,"_coverageSchema":"1a1c01bbd47fc00a2c39e90264f33305004495a9","hash":"7c35de1635ef2fd8f2f64eb33fc9cb98cf9a546c"}
,"/home/nexus/Personal Projects/E-Commerce-API/src/controllers/product.controller.js": {"path":"/home/nexus/Personal Projects/E-Commerce-API/src/controllers/product.controller.js","statementMap":{"0":{"start":{"line":6,"column":30},"end":{"line":6,"column":36}},"1":{"start":{"line":8,"column":22},"end":{"line":20,"column":1}},"2":{"start":{"line":9,"column":2},"end":{"line":19,"column":30}},"3":{"start":{"line":10,"column":66},"end":{"line":10,"column":74}},"4":{"start":{"line":12,"column":4},"end":{"line":15,"column":5}},"5":{"start":{"line":13,"column":21},"end":{"line":13,"column":60}},"6":{"start":{"line":14,"column":6},"end":{"line":14,"column":35}},"7":{"start":{"line":16,"column":20},"end":{"line":16,"column":99}},"8":{"start":{"line":17,"column":4},"end":{"line":17,"column":34}},"9":{"start":{"line":18,"column":4},"end":{"line":18,"column":85}},"10":{"start":{"line":19,"column":18},"end":{"line":19,"column":28}},"11":{"start":{"line":22,"column":22},"end":{"line":48,"column":1}},"12":{"start":{"line":23,"column":2},"end":{"line":47,"column":3}},"13":{"start":{"line":24,"column":20},"end":{"line":24,"column":57}},"14":{"start":{"line":25,"column":4},"end":{"line":25,"column":80}},"15":{"start":{"line":25,"column":18},"end":{"line":25,"column":80}},"16":{"start":{"line":27,"column":67},"end":{"line":27,"column":75}},"17":{"start":{"line":30,"column":4},"end":{"line":33,"column":5}},"18":{"start":{"line":31,"column":21},"end":{"line":31,"column":60}},"19":{"start":{"line":32,"column":6},"end":{"line":32,"column":35}},"20":{"start":{"line":35,"column":4},"end":{"line":42,"column":7}},"21":{"start":{"line":44,"column":4},"end":{"line":44,"column":85}},"22":{"start":{"line":46,"column":4},"end":{"line":46,"column":14}},"23":{"start":{"line":51,"column":29},"end":{"line":58,"column":1}},"24":{"start":{"line":52,"column":2},"end":{"line":57,"column":30}},"25":{"start":{"line":53,"column":20},"end":{"line":53,"column":57}},"26":{"start":{"line":54,"column":4},"end":{"line":54,"column":72}},"27":{"start":{"line":54,"column":18},"end":{"line":54,"column":72}},"28":{"start":{"line":55,"column":4},"end":{"line":55,"column":28}},"29":{"start":{"line":56,"column":4},"end":{"line":56,"column":70}},"30":{"start":{"line":57,"column":18},"end":{"line":57,"column":28}},"31":{"start":{"line":61,"column":20},"end":{"line":84,"column":1}},"32":{"start":{"line":62,"column":2},"end":{"line":83,"column":30}},"33":{"start":{"line":63,"column":80},"end":{"line":63,"column":89}},"34":{"start":{"line":64,"column":18},"end":{"line":64,"column":20}},"35":{"start":{"line":65,"column":4},"end":{"line":65,"column":79}},"36":{"start":{"line":65,"column":18},"end":{"line":65,"column":79}},"37":{"start":{"line":66,"column":4},"end":{"line":66,"column":79}},"38":{"start":{"line":66,"column":18},"end":{"line":66,"column":79}},"39":{"start":{"line":67,"column":4},"end":{"line":67,"column":50}},"40":{"start":{"line":67,"column":20},"end":{"line":67,"column":50}},"41":{"start":{"line":68,"column":4},"end":{"line":68,"column":59}},"42":{"start":{"line":68,"column":16},"end":{"line":68,"column":59}},"43":{"start":{"line":70,"column":19},"end":{"line":70,"column":40}},"44":{"start":{"line":71,"column":28},"end":{"line":77,"column":6}},"45":{"start":{"line":79,"column":4},"end":{"line":82,"column":7}},"46":{"start":{"line":83,"column":18},"end":{"line":83,"column":28}}},"fnMap":{"0":{"name":"(anonymous_0)","decl":{"start":{"line":8,"column":22},"end":{"line":8,"column":23}},"loc":{"start":{"line":8,"column":48},"end":{"line":20,"column":1}},"line":8},"1":{"name":"(anonymous_1)","decl":{"start":{"line":22,"column":22},"end":{"line":22,"column":23}},"loc":{"start":{"line":22,"column":48},"end":{"line":48,"column":1}},"line":22},"2":{"name":"(anonymous_2)","decl":{"start":{"line":51,"column":29},"end":{"line":51,"column":30}},"loc":{"start":{"line":51,"column":55},"end":{"line":58,"column":1}},"line":51},"3":{"name":"(anonymous_3)","decl":{"start":{"line":61,"column":20},"end":{"line":61,"column":21}},"loc":{"start":{"line":61,"column":46},"end":{"line":84,"column":1}},"line":61}},"branchMap":{"0":{"loc":{"start":{"line":12,"column":4},"end":{"line":15,"column":5}},"type":"if","locations":[{"start":{"line":12,"column":4},"end":{"line":15,"column":5}},{"start":{},"end":{}}],"line":12},"1":{"loc":{"start":{"line":25,"column":4},"end":{"line":25,"column":80}},"type":"if","locations":[{"start":{"line":25,"column":4},"end":{"line":25,"column":80}},{"start":{},"end":{}}],"line":25},"2":{"loc":{"start":{"line":30,"column":4},"end":{"line":33,"column":5}},"type":"if","locations":[{"start":{"line":30,"column":4},"end":{"line":33,"column":5}},{"start":{},"end":{}}],"line":30},"3":{"loc":{"start":{"line":41,"column":10},"end":{"line":41,"column":38}},"type":"cond-expr","locations":[{"start":{"line":41,"column":21},"end":{"line":41,"column":33}},{"start":{"line":41,"column":36},"end":{"line":41,"column":38}}],"line":41},"4":{"loc":{"start":{"line":54,"column":4},"end":{"line":54,"column":72}},"type":"if","locations":[{"start":{"line":54,"column":4},"end":{"line":54,"column":72}},{"start":{},"end":{}}],"line":54},"5":{"loc":{"start":{"line":63,"column":12},"end":{"line":63,"column":20}},"type":"default-arg","locations":[{"start":{"line":63,"column":19},"end":{"line":63,"column":20}}],"line":63},"6":{"loc":{"start":{"line":63,"column":22},"end":{"line":63,"column":35}},"type":"default-arg","locations":[{"start":{"line":63,"column":33},"end":{"line":63,"column":35}}],"line":63},"7":{"loc":{"start":{"line":65,"column":4},"end":{"line":65,"column":79}},"type":"if","locations":[{"start":{"line":65,"column":4},"end":{"line":65,"column":79}},{"start":{},"end":{}}],"line":65},"8":{"loc":{"start":{"line":66,"column":4},"end":{"line":66,"column":79}},"type":"if","locations":[{"start":{"line":66,"column":4},"end":{"line":66,"column":79}},{"start":{},"end":{}}],"line":66},"9":{"loc":{"start":{"line":67,"column":4},"end":{"line":67,"column":50}},"type":"if","locations":[{"start":{"line":67,"column":4},"end":{"line":67,"column":50}},{"start":{},"end":{}}],"line":67},"10":{"loc":{"start":{"line":68,"column":4},"end":{"line":68,"column":59}},"type":"if","locations":[{"start":{"line":68,"column":4},"end":{"line":68,"column":59}},{"start":{},"end":{}}],"line":68}},"s":{"0":3,"1":3,"2":2,"3":2,"4":2,"5":0,"6":0,"7":2,"8":2,"9":2,"10":0,"11":3,"12":1,"13":1,"14":1,"15":0,"16":1,"17":1,"18":0,"19":0,"20":1,"21":1,"22":0,"23":3,"24":0,"25":0,"26":0,"27":0,"28":0,"29":0,"30":0,"31":3,"32":1,"33":1,"34":1,"35":1,"36":0,"37":1,"38":0,"39":1,"40":0,"41":1,"42":0,"43":1,"44":1,"45":1,"46":0},"f":{"0":2,"1":1,"2":0,"3":1},"b":{"0":[0,2],"1":[0,1],"2":[0,1],"3":[0,1],"4":[0,0],"5":[1],"6":[1],"7":[0,1],"8":[0,1],"9":[0,1],"10":[0,1]},"inputSourceMap":null,"_coverageSchema":"1a1c01bbd47fc00a2c39e90264f33305004495a9","hash":"03b224a8ae3f97781bdf9d090c34b4f34923df4c"}
,"/home/nexus/Personal Projects/E-Commerce-API/src/middlewares/auth.middleware.js": {"path":"/home/nexus/Personal Projects/E-Commerce-API/src/middlewares/auth.middleware.js","statementMap":{"0":{"start":{"line":3,"column":17},"end":{"line":3,"column":23}},"1":{"start":{"line":5,"column":27},"end":{"line":32,"column":1}},"2":{"start":{"line":6,"column":2},"end":{"line":31,"column":3}},"3":{"start":{"line":8,"column":21},"end":{"line":8,"column":75}},"4":{"start":{"line":10,"column":4},"end":{"line":12,"column":5}},"5":{"start":{"line":11,"column":6},"end":{"line":11,"column":101}},"6":{"start":{"line":14,"column":17},"end":{"line":14,"column":50}},"7":{"start":{"line":16,"column":20},"end":{"line":16,"column":61}},"8":{"start":{"line":17,"column":17},"end":{"line":17,"column":48}},"9":{"start":{"line":19,"column":4},"end":{"line":21,"column":5}},"10":{"start":{"line":20,"column":6},"end":{"line":20,"column":81}},"11":{"start":{"line":23,"column":4},"end":{"line":23,"column":20}},"12":{"start":{"line":24,"column":4},"end":{"line":24,"column":11}},"13":{"start":{"line":27,"column":4},"end":{"line":30,"column":7}}},"fnMap":{"0":{"name":"(anonymous_0)","decl":{"start":{"line":5,"column":27},"end":{"line":5,"column":28}},"loc":{"start":{"line":5,"column":53},"end":{"line":32,"column":1}},"line":5}},"branchMap":{"0":{"loc":{"start":{"line":8,"column":21},"end":{"line":8,"column":75}},"type":"binary-expr","locations":[{"start":{"line":8,"column":21},"end":{"line":8,"column":46}},{"start":{"line":8,"column":50},"end":{"line":8,"column":75}}],"line":8},"1":{"loc":{"start":{"line":10,"column":4},"end":{"line":12,"column":5}},"type":"if","locations":[{"start":{"line":10,"column":4},"end":{"line":12,"column":5}},{"start":{},"end":{}}],"line":10},"2":{"loc":{"start":{"line":19,"column":4},"end":{"line":21,"column":5}},"type":"if","locations":[{"start":{"line":19,"column":4},"end":{"line":21,"column":5}},{"start":{},"end":{}}],"line":19}},"s":{"0":3,"1":3,"2":9,"3":9,"4":9,"5":0,"6":9,"7":9,"8":9,"9":9,"10":0,"11":9,"12":9,"13":0},"f":{"0":9},"b":{"0":[9,0],"1":[0,9],"2":[0,9]},"inputSourceMap":null,"_coverageSchema":"1a1c01bbd47fc00a2c39e90264f33305004495a9","hash":"65b7bd1f9cebf9818d30ce9a359250f052fac3cf"}
,"/home/nexus/Personal Projects/E-Commerce-API/src/middlewares/error.middleware.js": {"path":"/home/nexus/Personal Projects/E-Commerce-API/src/middlewares/error.middleware.js","statementMap":{"0":{"start":{"line":1,"column":28},"end":{"line":7,"column":1}},"1":{"start":{"line":2,"column":2},"end":{"line":2,"column":21}},"2":{"start":{"line":3,"column":2},"end":{"line":6,"column":5}}},"fnMap":{"0":{"name":"(anonymous_0)","decl":{"start":{"line":1,"column":28},"end":{"line":1,"column":29}},"loc":{"start":{"line":1,"column":53},"end":{"line":7,"column":1}},"line":1}},"branchMap":{"0":{"loc":{"start":{"line":3,"column":13},"end":{"line":3,"column":30}},"type":"binary-expr","locations":[{"start":{"line":3,"column":13},"end":{"line":3,"column":23}},{"start":{"line":3,"column":27},"end":{"line":3,"column":30}}],"line":3},"1":{"loc":{"start":{"line":4,"column":13},"end":{"line":4,"column":51}},"type":"binary-expr","locations":[{"start":{"line":4,"column":13},"end":{"line":4,"column":24}},{"start":{"line":4,"column":28},"end":{"line":4,"column":51}}],"line":4},"2":{"loc":{"start":{"line":5,"column":13},"end":{"line":5,"column":36}},"type":"binary-expr","locations":[{"start":{"line":5,"column":13},"end":{"line":5,"column":23}},{"start":{"line":5,"column":27},"end":{"line":5,"column":36}}],"line":5}},"s":{"0":3,"1":0,"2":0},"f":{"0":0},"b":{"0":[0,0],"1":[0,0],"2":[0,0]},"inputSourceMap":null,"_coverageSchema":"1a1c01bbd47fc00a2c39e90264f33305004495a9","hash":"d24ab2de06a59c3e925fc60b6c0efa0676ce8f9e"}
,"/home/nexus/Personal Projects/E-Commerce-API/src/middlewares/role.middleware.js": {"path":"/home/nexus/Personal Projects/E-Commerce-API/src/middlewares/role.middleware.js","statementMap":{"0":{"start":{"line":1,"column":29},"end":{"line":8,"column":1}},"1":{"start":{"line":2,"column":2},"end":{"line":2,"column":49}},"2":{"start":{"line":2,"column":33},"end":{"line":2,"column":49}},"3":{"start":{"line":3,"column":2},"end":{"line":7,"column":4}},"4":{"start":{"line":4,"column":4},"end":{"line":4,"column":81}},"5":{"start":{"line":4,"column":19},"end":{"line":4,"column":81}},"6":{"start":{"line":5,"column":4},"end":{"line":5,"column":110}},"7":{"start":{"line":5,"column":56},"end":{"line":5,"column":110}},"8":{"start":{"line":6,"column":4},"end":{"line":6,"column":11}}},"fnMap":{"0":{"name":"(anonymous_0)","decl":{"start":{"line":1,"column":29},"end":{"line":1,"column":30}},"loc":{"start":{"line":1,"column":45},"end":{"line":8,"column":1}},"line":1},"1":{"name":"(anonymous_1)","decl":{"start":{"line":3,"column":9},"end":{"line":3,"column":10}},"loc":{"start":{"line":3,"column":29},"end":{"line":7,"column":3}},"line":3}},"branchMap":{"0":{"loc":{"start":{"line":1,"column":30},"end":{"line":1,"column":40}},"type":"default-arg","locations":[{"start":{"line":1,"column":38},"end":{"line":1,"column":40}}],"line":1},"1":{"loc":{"start":{"line":2,"column":2},"end":{"line":2,"column":49}},"type":"if","locations":[{"start":{"line":2,"column":2},"end":{"line":2,"column":49}},{"start":{},"end":{}}],"line":2},"2":{"loc":{"start":{"line":4,"column":4},"end":{"line":4,"column":81}},"type":"if","locations":[{"start":{"line":4,"column":4},"end":{"line":4,"column":81}},{"start":{},"end":{}}],"line":4},"3":{"loc":{"start":{"line":5,"column":4},"end":{"line":5,"column":110}},"type":"if","locations":[{"start":{"line":5,"column":4},"end":{"line":5,"column":110}},{"start":{},"end":{}}],"line":5},"4":{"loc":{"start":{"line":5,"column":8},"end":{"line":5,"column":54}},"type":"binary-expr","locations":[{"start":{"line":5,"column":8},"end":{"line":5,"column":20}},{"start":{"line":5,"column":24},"end":{"line":5,"column":54}}],"line":5}},"s":{"0":3,"1":12,"2":12,"3":12,"4":5,"5":0,"6":5,"7":0,"8":5},"f":{"0":12,"1":5},"b":{"0":[0],"1":[12,0],"2":[0,5],"3":[0,5],"4":[5,5]},"inputSourceMap":null,"_coverageSchema":"1a1c01bbd47fc00a2c39e90264f33305004495a9","hash":"c670e0e43b26131f9144557cd24fe17cff663f28"}
,"/home/nexus/Personal Projects/E-Commerce-API/src/middlewares/validate.middleware.js": {"path":"/home/nexus/Personal Projects/E-Commerce-API/src/middlewares/validate.middleware.js","statementMap":{"0":{"start":{"line":4,"column":31},"end":{"line":8,"column":1}},"1":{"start":{"line":5,"column":17},"end":{"line":5,"column":38}},"2":{"start":{"line":6,"column":2},"end":{"line":6,"column":81}},"3":{"start":{"line":6,"column":25},"end":{"line":6,"column":81}},"4":{"start":{"line":7,"column":2},"end":{"line":7,"column":9}}},"fnMap":{"0":{"name":"(anonymous_0)","decl":{"start":{"line":4,"column":31},"end":{"line":4,"column":32}},"loc":{"start":{"line":4,"column":51},"end":{"line":8,"column":1}},"line":4}},"branchMap":{"0":{"loc":{"start":{"line":6,"column":2},"end":{"line":6,"column":81}},"type":"if","locations":[{"start":{"line":6,"column":2},"end":{"line":6,"column":81}},{"start":{},"end":{}}],"line":6}},"s":{"0":3,"1":14,"2":14,"3":0,"4":14},"f":{"0":14},"b":{"0":[0,14]},"inputSourceMap":null,"_coverageSchema":"1a1c01bbd47fc00a2c39e90264f33305004495a9","hash":"94cd565d6eec1593e40e4157b7bddeb7487c7cc5"}
,"/home/nexus/Personal Projects/E-Commerce-API/src/models/cartItem.model.js": {"path":"/home/nexus/Personal Projects/E-Commerce-API/src/models/cartItem.model.js","statementMap":{"0":{"start":{"line":3,"column":22},"end":{"line":15,"column":1}},"1":{"start":{"line":4,"column":19},"end":{"line":12,"column":4}},"2":{"start":{"line":14,"column":2},"end":{"line":14,"column":18}}},"fnMap":{"0":{"name":"(anonymous_0)","decl":{"start":{"line":3,"column":22},"end":{"line":3,"column":23}},"loc":{"start":{"line":3,"column":37},"end":{"line":15,"column":1}},"line":3}},"branchMap":{},"s":{"0":3,"1":3,"2":3},"f":{"0":3},"b":{},"inputSourceMap":null,"_coverageSchema":"1a1c01bbd47fc00a2c39e90264f33305004495a9","hash":"42c5471dbf85f47b7b76ad07439aa6a578aef9f0"}
,"/home/nexus/Personal Projects/E-Commerce-API/src/models/category.model.js": {"path":"/home/nexus/Personal Projects/E-Commerce-API/src/models/category.model.js","statementMap":{"0":{"start":{"line":4,"column":23},"end":{"line":14,"column":1}},"1":{"start":{"line":5,"column":19},"end":{"line":11,"column":4}},"2":{"start":{"line":13,"column":2},"end":{"line":13,"column":18}}},"fnMap":{"0":{"name":"(anonymous_0)","decl":{"start":{"line":4,"column":23},"end":{"line":4,"column":24}},"loc":{"start":{"line":4,"column":38},"end":{"line":14,"column":1}},"line":4}},"branchMap":{},"s":{"0":3,"1":3,"2":3},"f":{"0":3},"b":{},"inputSourceMap":null,"_coverageSchema":"1a1c01bbd47fc00a2c39e90264f33305004495a9","hash":"2c4e380f52357b79fa9e8fd70697bc400ca1b51d"}
,"/home/nexus/Personal Projects/E-Commerce-API/src/models/index.js": {"path":"/home/nexus/Personal Projects/E-Commerce-API/src/models/index.js","statementMap":{"0":{"start":{"line":11,"column":13},"end":{"line":11,"column":33}},"1":{"start":{"line":12,"column":17},"end":{"line":12,"column":41}},"2":{"start":{"line":13,"column":16},"end":{"line":13,"column":39}},"3":{"start":{"line":14,"column":17},"end":{"line":14,"column":41}},"4":{"start":{"line":15,"column":14},"end":{"line":15,"column":35}},"5":{"start":{"line":16,"column":18},"end":{"line":16,"column":43}},"6":{"start":{"line":19,"column":0},"end":{"line":19,"column":70}},"7":{"start":{"line":20,"column":0},"end":{"line":20,"column":51}},"8":{"start":{"line":22,"column":0},"end":{"line":22,"column":76}},"9":{"start":{"line":23,"column":0},"end":{"line":23,"column":57}},"10":{"start":{"line":25,"column":0},"end":{"line":25,"column":56}},"11":{"start":{"line":26,"column":0},"end":{"line":26,"column":58}},"12":{"start":{"line":28,"column":0},"end":{"line":28,"column":46}},"13":{"start":{"line":29,"column":0},"end":{"line":29,"column":48}},"14":{"start":{"line":31,"column":0},"end":{"line":31,"column":52}},"15":{"start":{"line":32,"column":0},"end":{"line":32,"column":54}},"16":{"start":{"line":34,"column":0},"end":{"line":34,"column":56}},"17":{"start":{"line":35,"column":0},"end":{"line":35,"column":58}}},"fnMap":{},"branchMap":{},"s":{"0":3,"1":3,"2":3,"3":3,"4":3,"5":3,"6":3,"7":3,"8":3,"9":3,"10":3,"11":3,"12":3,"13":3,"14":3,"15":3,"16":3,"17":3},"f":{},"b":{},"inputSourceMap":null,"_coverageSchema":"1a1c01bbd47fc00a2c39e90264f33305004495a9","hash":"874496128a2af818c66e5833bd302e5fabe94a55"}
,"/home/nexus/Personal Projects/E-Commerce-API/src/models/order.model.js": {"path":"/home/nexus/Personal Projects/E-Commerce-API/src/models/order.model.js","statementMap":{"0":{"start":{"line":3,"column":19},"end":{"line":14,"column":1}},"1":{"start":{"line":4,"column":16},"end":{"line":11,"column":4}},"2":{"start":{"line":13,"column":2},"end":{"line":13,"column":15}}},"fnMap":{"0":{"name":"(anonymous_0)","decl":{"start":{"line":3,"column":19},"end":{"line":3,"column":20}},"loc":{"start":{"line":3,"column":34},"end":{"line":14,"column":1}},"line":3}},"branchMap":{},"s":{"0":3,"1":3,"2":3},"f":{"0":3},"b":{},"inputSourceMap":null,"_coverageSchema":"1a1c01bbd47fc00a2c39e90264f33305004495a9","hash":"fb3520ec156d702da5753b21c06cb174afdbedec"}
,"/home/nexus/Personal Projects/E-Commerce-API/src/models/orderItem.model.js": {"path":"/home/nexus/Personal Projects/E-Commerce-API/src/models/orderItem.model.js","statementMap":{"0":{"start":{"line":2,"column":23},"end":{"line":14,"column":1}},"1":{"start":{"line":3,"column":20},"end":{"line":11,"column":4}},"2":{"start":{"line":13,"column":2},"end":{"line":13,"column":19}}},"fnMap":{"0":{"name":"(anonymous_0)","decl":{"start":{"line":2,"column":23},"end":{"line":2,"column":24}},"loc":{"start":{"line":2,"column":38},"end":{"line":14,"column":1}},"line":2}},"branchMap":{},"s":{"0":3,"1":3,"2":3},"f":{"0":3},"b":{},"inputSourceMap":null,"_coverageSchema":"1a1c01bbd47fc00a2c39e90264f33305004495a9","hash":"dd0a0a1e78e554b6b0d2e939f0d6ff1138388f93"}
,"/home/nexus/Personal Projects/E-Commerce-API/src/models/product.model.js": {"path":"/home/nexus/Personal Projects/E-Commerce-API/src/models/product.model.js","statementMap":{"0":{"start":{"line":3,"column":21},"end":{"line":17,"column":1}},"1":{"start":{"line":4,"column":18},"end":{"line":14,"column":4}},"2":{"start":{"line":16,"column":2},"end":{"line":16,"column":17}}},"fnMap":{"0":{"name":"(anonymous_0)","decl":{"start":{"line":3,"column":21},"end":{"line":3,"column":22}},"loc":{"start":{"line":3,"column":36},"end":{"line":17,"column":1}},"line":3}},"branchMap":{},"s":{"0":3,"1":3,"2":3},"f":{"0":3},"b":{},"inputSourceMap":null,"_coverageSchema":"1a1c01bbd47fc00a2c39e90264f33305004495a9","hash":"bc41b570cea76f5f87994193016eb5d2a0ad666a"}
,"/home/nexus/Personal Projects/E-Commerce-API/src/models/user.model.js": {"path":"/home/nexus/Personal Projects/E-Commerce-API/src/models/user.model.js","statementMap":{"0":{"start":{"line":5,"column":18},"end":{"line":33,"column":1}},"1":{"start":{"line":6,"column":15},"end":{"line":26,"column":4}},"2":{"start":{"line":16,"column":23},"end":{"line":16,"column":75}},"3":{"start":{"line":17,"column":8},"end":{"line":17,"column":65}},"4":{"start":{"line":20,"column":8},"end":{"line":23,"column":9}},"5":{"start":{"line":21,"column":25},"end":{"line":21,"column":77}},"6":{"start":{"line":22,"column":10},"end":{"line":22,"column":67}},"7":{"start":{"line":28,"column":2},"end":{"line":30,"column":4}},"8":{"start":{"line":29,"column":4},"end":{"line":29,"column":52}},"9":{"start":{"line":32,"column":2},"end":{"line":32,"column":14}}},"fnMap":{"0":{"name":"(anonymous_0)","decl":{"start":{"line":5,"column":18},"end":{"line":5,"column":19}},"loc":{"start":{"line":5,"column":33},"end":{"line":33,"column":1}},"line":5},"1":{"name":"(anonymous_1)","decl":{"start":{"line":15,"column":20},"end":{"line":15,"column":21}},"loc":{"start":{"line":15,"column":36},"end":{"line":18,"column":7}},"line":15},"2":{"name":"(anonymous_2)","decl":{"start":{"line":19,"column":20},"end":{"line":19,"column":21}},"loc":{"start":{"line":19,"column":36},"end":{"line":24,"column":7}},"line":19},"3":{"name":"(anonymous_3)","decl":{"start":{"line":28,"column":35},"end":{"line":28,"column":36}},"loc":{"start":{"line":28,"column":56},"end":{"line":30,"column":3}},"line":28}},"branchMap":{"0":{"loc":{"start":{"line":16,"column":32},"end":{"line":16,"column":70}},"type":"binary-expr","locations":[{"start":{"line":16,"column":32},"end":{"line":16,"column":62}},{"start":{"line":16,"column":66},"end":{"line":16,"column":70}}],"line":16},"1":{"loc":{"start":{"line":20,"column":8},"end":{"line":23,"column":9}},"type":"if","locations":[{"start":{"line":20,"column":8},"end":{"line":23,"column":9}},{"start":{},"end":{}}],"line":20},"2":{"loc":{"start":{"line":21,"column":34},"end":{"line":21,"column":72}},"type":"binary-expr","locations":[{"start":{"line":21,"column":34},"end":{"line":21,"column":64}},{"start":{"line":21,"column":68},"end":{"line":21,"column":72}}],"line":21}},"s":{"0":3,"1":3,"2":4,"3":4,"4":0,"5":0,"6":0,"7":3,"8":4,"9":3},"f":{"0":3,"1":4,"2":0,"3":4},"b":{"0":[4,0],"1":[0,0],"2":[0,0]},"inputSourceMap":null,"_coverageSchema":"1a1c01bbd47fc00a2c39e90264f33305004495a9","hash":"9479eef1d883ad509584a71ddb6128a62737e37c"}
,"/home/nexus/Personal Projects/E-Commerce-API/src/routes/auth.routes.js": {"path":"/home/nexus/Personal Projects/E-Commerce-API/src/routes/auth.routes.js","statementMap":{"0":{"start":{"line":6,"column":15},"end":{"line":6,"column":31}},"1":{"start":{"line":9,"column":0},"end":{"line":32,"column":2}},"2":{"start":{"line":34,"column":0},"end":{"line":55,"column":2}}},"fnMap":{},"branchMap":{},"s":{"0":3,"1":3,"2":3},"f":{},"b":{},"inputSourceMap":null,"_coverageSchema":"1a1c01bbd47fc00a2c39e90264f33305004495a9","hash":"09aa4889d6d819364f7fe5ef3b89b95500e4bda4"}
,"/home/nexus/Personal Projects/E-Commerce-API/src/routes/cart.routes.js": {"path":"/home/nexus/Personal Projects/E-Commerce-API/src/routes/cart.routes.js","statementMap":{"0":{"start":{"line":11,"column":15},"end":{"line":11,"column":31}},"1":{"start":{"line":13,"column":0},"end":{"line":13,"column":24}},"2":{"start":{"line":15,"column":0},"end":{"line":33,"column":2}},"3":{"start":{"line":35,"column":0},"end":{"line":43,"column":2}},"4":{"start":{"line":45,"column":0},"end":{"line":58,"column":2}}},"fnMap":{},"branchMap":{},"s":{"0":3,"1":3,"2":3,"3":3,"4":3},"f":{},"b":{},"inputSourceMap":null,"_coverageSchema":"1a1c01bbd47fc00a2c39e90264f33305004495a9","hash":"fef464ba70b8d2e7020f49dd3a22c8a4abf1cdfa"}
,"/home/nexus/Personal Projects/E-Commerce-API/src/routes/category.routes.js": {"path":"/home/nexus/Personal Projects/E-Commerce-API/src/routes/category.routes.js","statementMap":{"0":{"start":{"line":13,"column":15},"end":{"line":13,"column":31}},"1":{"start":{"line":15,"column":0},"end":{"line":15,"column":48}},"2":{"start":{"line":16,"column":0},"end":{"line":34,"column":2}},"3":{"start":{"line":36,"column":0},"end":{"line":44,"column":2}},"4":{"start":{"line":46,"column":0},"end":{"line":69,"column":2}},"5":{"start":{"line":71,"column":0},"end":{"line":85,"column":2}}},"fnMap":{},"branchMap":{},"s":{"0":3,"1":3,"2":3,"3":3,"4":3,"5":3},"f":{},"b":{},"inputSourceMap":null,"_coverageSchema":"1a1c01bbd47fc00a2c39e90264f33305004495a9","hash":"3b11cf33b39fca432af67a081dbcdc3b0351b927"}
,"/home/nexus/Personal Projects/E-Commerce-API/src/routes/index.js": {"path":"/home/nexus/Personal Projects/E-Commerce-API/src/routes/index.js","statementMap":{"0":{"start":{"line":9,"column":15},"end":{"line":9,"column":31}},"1":{"start":{"line":11,"column":0},"end":{"line":11,"column":26}},"2":{"start":{"line":12,"column":0},"end":{"line":12,"column":38}},"3":{"start":{"line":13,"column":0},"end":{"line":13,"column":34}},"4":{"start":{"line":14,"column":0},"end":{"line":14,"column":26}},"5":{"start":{"line":15,"column":0},"end":{"line":15,"column":29}}},"fnMap":{},"branchMap":{},"s":{"0":3,"1":3,"2":3,"3":3,"4":3,"5":3},"f":{},"b":{},"inputSourceMap":null,"_coverageSchema":"1a1c01bbd47fc00a2c39e90264f33305004495a9","hash":"dd0d81f36e7764aeec9e32e7b8ca1d2259a0c068"}
,"/home/nexus/Personal Projects/E-Commerce-API/src/routes/order.routes.js": {"path":"/home/nexus/Personal Projects/E-Commerce-API/src/routes/order.routes.js","statementMap":{"0":{"start":{"line":5,"column":15},"end":{"line":5,"column":31}},"1":{"start":{"line":7,"column":0},"end":{"line":7,"column":24}},"2":{"start":{"line":9,"column":0},"end":{"line":17,"column":2}},"3":{"start":{"line":19,"column":0},"end":{"line":27,"column":2}}},"fnMap":{},"branchMap":{},"s":{"0":3,"1":3,"2":3,"3":3},"f":{},"b":{},"inputSourceMap":null,"_coverageSchema":"1a1c01bbd47fc00a2c39e90264f33305004495a9","hash":"21ac838576e69006c5fc3ed68fc05cee9f16e16a"}
,"/home/nexus/Personal Projects/E-Commerce-API/src/routes/product.routes.js": {"path":"/home/nexus/Personal Projects/E-Commerce-API/src/routes/product.routes.js","statementMap":{"0":{"start":{"line":16,"column":15},"end":{"line":16,"column":31}},"1":{"start":{"line":18,"column":0},"end":{"line":48,"column":2}},"2":{"start":{"line":50,"column":0},"end":{"line":80,"column":2}},"3":{"start":{"line":82,"column":0},"end":{"line":97,"column":2}},"4":{"start":{"line":100,"column":0},"end":{"line":115,"column":2}}},"fnMap":{},"branchMap":{},"s":{"0":3,"1":3,"2":3,"3":3,"4":3},"f":{},"b":{},"inputSourceMap":null,"_coverageSchema":"1a1c01bbd47fc00a2c39e90264f33305004495a9","hash":"0528db5fedb975fa709488281aabc9cb56539100"}
,"/home/nexus/Personal Projects/E-Commerce-API/src/services/cloudinary.service.js": {"path":"/home/nexus/Personal Projects/E-Commerce-API/src/services/cloudinary.service.js","statementMap":{"0":{"start":{"line":3,"column":0},"end":{"line":7,"column":3}}},"fnMap":{},"branchMap":{},"s":{"0":3},"f":{},"b":{},"inputSourceMap":null,"_coverageSchema":"1a1c01bbd47fc00a2c39e90264f33305004495a9","hash":"81e04974ce806071ae1f2e2a3831a8018da0bfa8"}
,"/home/nexus/Personal Projects/E-Commerce-API/src/utils/validators.js": {"path":"/home/nexus/Personal Projects/E-Commerce-API/src/utils/validators.js","statementMap":{"0":{"start":{"line":4,"column":31},"end":{"line":8,"column":1}},"1":{"start":{"line":10,"column":30},"end":{"line":13,"column":1}},"2":{"start":{"line":15,"column":33},"end":{"line":18,"column":1}},"3":{"start":{"line":20,"column":38},"end":{"line":25,"column":1}},"4":{"start":{"line":27,"column":34},"end":{"line":30,"column":1}},"5":{"start":{"line":32,"column":36},"end":{"line":39,"column":1}}},"fnMap":{},"branchMap":{},"s":{"0":3,"1":3,"2":3,"3":3,"4":3,"5":3},"f":{},"b":{},"inputSourceMap":null,"_coverageSchema":"1a1c01bbd47fc00a2c39e90264f33305004495a9","hash":"e387b384e69e4e66d806db0ab1d8ee2c9d0f54f8"}
}
