TN:
SF:src/app.js
FNF:0
FNH:0
DA:33,3
DA:35,3
DA:36,3
DA:37,3
DA:38,3
DA:41,3
DA:44,3
DA:47,3
LF:8
LH:8
BRF:0
BRH:0
end_of_record
TN:
SF:src/config/db.js
FNF:0
FNH:0
DA:3,3
DA:5,3
LF:2
LH:2
BRDA:10,0,0,3
BRDA:10,0,1,0
BRDA:11,1,0,3
BRDA:11,1,1,0
BRF:4
BRH:2
end_of_record
TN:
SF:src/controllers/auth.controller.js
FN:7,(anonymous_0)
FN:21,(anonymous_1)
FNF:2
FNH:2
FNDA:4,(anonymous_0)
FNDA:4,(anonymous_1)
DA:5,3
DA:7,3
DA:8,4
DA:9,4
DA:10,4
DA:11,4
DA:13,4
DA:14,4
DA:15,4
DA:16,0
DA:21,3
DA:22,4
DA:23,4
DA:24,4
DA:25,4
DA:27,4
DA:28,4
DA:29,0
LF:18
LH:16
BRDA:11,0,0,0
BRDA:11,0,1,4
BRDA:13,1,0,4
BRDA:13,1,1,1
BRDA:25,2,0,0
BRDA:25,2,1,4
BRDA:25,3,0,4
BRDA:25,3,1,4
BRF:8
BRH:6
end_of_record
TN:
SF:src/controllers/cart.controller.js
FN:5,(anonymous_0)
FN:28,(anonymous_1)
FN:34,(anonymous_2)
FN:39,(anonymous_3)
FNF:4
FNH:3
FNDA:1,(anonymous_0)
FNDA:1,(anonymous_1)
FNDA:1,(anonymous_2)
FNDA:0,(anonymous_3)
DA:3,3
DA:5,3
DA:6,1
DA:7,1
DA:8,1
DA:9,1
DA:12,1
DA:13,1
DA:14,0
DA:15,0
DA:17,1
DA:24,1
DA:25,0
DA:28,3
DA:29,1
DA:30,1
DA:34,1
DA:35,1
DA:36,0
DA:39,3
DA:40,0
DA:41,0
DA:42,0
DA:43,0
DA:44,0
DA:45,0
LF:26
LH:16
BRDA:7,0,0,0
BRDA:9,1,0,0
BRDA:9,1,1,1
BRDA:13,2,0,0
BRDA:13,2,1,1
BRDA:42,3,0,0
BRDA:42,3,1,0
BRF:7
BRH:2
end_of_record
TN:
SF:src/controllers/category.controller.js
FN:5,(anonymous_0)
FN:17,(anonymous_1)
FN:31,(anonymous_2)
FN:42,(anonymous_3)
FNF:4
FNH:1
FNDA:2,(anonymous_0)
FNDA:0,(anonymous_1)
FNDA:0,(anonymous_2)
FNDA:0,(anonymous_3)
DA:3,3
DA:5,3
DA:6,2
DA:7,2
DA:8,2
DA:13,0
DA:17,3
DA:18,0
DA:19,0
DA:20,0
DA:21,0
DA:22,0
DA:27,0
DA:31,3
DA:32,0
DA:33,0
DA:34,0
DA:35,0
DA:36,0
DA:38,0
DA:42,3
DA:43,0
DA:44,0
DA:45,0
DA:47,0
LF:25
LH:8
BRDA:20,0,0,0
BRDA:20,0,1,0
BRDA:34,1,0,0
BRDA:34,1,1,0
BRF:4
BRH:0
end_of_record
TN:
SF:src/controllers/order.controller.js
FN:5,(anonymous_0)
FN:22,(anonymous_1)
FN:49,(anonymous_2)
FNF:3
FNH:3
FNDA:1,(anonymous_0)
FNDA:1,(anonymous_1)
FNDA:1,(anonymous_2)
DA:3,3
DA:5,3
DA:6,1
DA:7,1
DA:8,1
DA:9,1
DA:10,0
DA:11,0
DA:15,1
DA:16,1
DA:17,0
DA:18,0
DA:22,1
DA:23,1
DA:25,1
DA:26,1
DA:34,1
DA:35,1
DA:39,1
DA:41,1
DA:42,1
DA:44,0
DA:45,0
DA:49,3
DA:50,1
DA:51,1
DA:52,1
DA:53,1
DA:58,1
DA:59,0
LF:30
LH:23
BRDA:9,0,0,0
BRDA:9,0,1,1
BRDA:16,1,0,0
BRDA:16,1,1,1
BRDA:52,2,0,1
BRDA:52,2,1,0
BRF:6
BRH:3
end_of_record
TN:
SF:src/controllers/product.controller.js
FN:8,(anonymous_0)
FN:22,(anonymous_1)
FN:51,(anonymous_2)
FN:61,(anonymous_3)
FNF:4
FNH:3
FNDA:2,(anonymous_0)
FNDA:1,(anonymous_1)
FNDA:0,(anonymous_2)
FNDA:1,(anonymous_3)
DA:6,3
DA:8,3
DA:9,2
DA:10,2
DA:12,2
DA:13,0
DA:14,0
DA:16,2
DA:17,2
DA:18,2
DA:19,0
DA:22,3
DA:23,1
DA:24,1
DA:25,1
DA:27,1
DA:30,1
DA:31,0
DA:32,0
DA:35,1
DA:44,1
DA:46,0
DA:51,3
DA:52,0
DA:53,0
DA:54,0
DA:55,0
DA:56,0
DA:57,0
DA:61,3
DA:62,1
DA:63,1
DA:64,1
DA:65,1
DA:66,1
DA:67,1
DA:68,1
DA:70,1
DA:71,1
DA:79,1
DA:83,0
LF:41
LH:28
BRDA:12,0,0,0
BRDA:12,0,1,2
BRDA:25,1,0,0
BRDA:25,1,1,1
BRDA:30,2,0,0
BRDA:30,2,1,1
BRDA:41,3,0,0
BRDA:41,3,1,1
BRDA:54,4,0,0
BRDA:54,4,1,0
BRDA:63,5,0,1
BRDA:63,6,0,1
BRDA:65,7,0,0
BRDA:65,7,1,1
BRDA:66,8,0,0
BRDA:66,8,1,1
BRDA:67,9,0,0
BRDA:67,9,1,1
BRDA:68,10,0,0
BRDA:68,10,1,1
BRF:20
BRH:10
end_of_record
TN:
SF:src/middlewares/auth.middleware.js
FN:5,(anonymous_0)
FNF:1
FNH:1
FNDA:9,(anonymous_0)
DA:3,3
DA:5,3
DA:6,9
DA:8,9
DA:10,9
DA:11,0
DA:14,9
DA:16,9
DA:17,9
DA:19,9
DA:20,0
DA:23,9
DA:24,9
DA:27,0
LF:14
LH:11
BRDA:8,0,0,9
BRDA:8,0,1,0
BRDA:10,1,0,0
BRDA:10,1,1,9
BRDA:19,2,0,0
BRDA:19,2,1,9
BRF:6
BRH:3
end_of_record
TN:
SF:src/middlewares/error.middleware.js
FN:1,(anonymous_0)
FNF:1
FNH:0
FNDA:0,(anonymous_0)
DA:1,3
DA:2,0
DA:3,0
LF:3
LH:1
BRDA:3,0,0,0
BRDA:3,0,1,0
BRDA:4,1,0,0
BRDA:4,1,1,0
BRDA:5,2,0,0
BRDA:5,2,1,0
BRF:6
BRH:0
end_of_record
TN:
SF:src/middlewares/role.middleware.js
FN:1,(anonymous_0)
FN:3,(anonymous_1)
FNF:2
FNH:2
FNDA:12,(anonymous_0)
FNDA:5,(anonymous_1)
DA:1,3
DA:2,12
DA:3,12
DA:4,5
DA:5,5
DA:6,5
LF:6
LH:6
BRDA:1,0,0,0
BRDA:2,1,0,12
BRDA:2,1,1,0
BRDA:4,2,0,0
BRDA:4,2,1,5
BRDA:5,3,0,0
BRDA:5,3,1,5
BRDA:5,4,0,5
BRDA:5,4,1,5
BRF:9
BRH:5
end_of_record
TN:
SF:src/middlewares/validate.middleware.js
FN:4,(anonymous_0)
FNF:1
FNH:1
FNDA:14,(anonymous_0)
DA:4,3
DA:5,14
DA:6,14
DA:7,14
LF:4
LH:4
BRDA:6,0,0,0
BRDA:6,0,1,14
BRF:2
BRH:1
end_of_record
TN:
SF:src/models/cartItem.model.js
FN:3,(anonymous_0)
FNF:1
FNH:1
FNDA:3,(anonymous_0)
DA:3,3
DA:4,3
DA:14,3
LF:3
LH:3
BRF:0
BRH:0
end_of_record
TN:
SF:src/models/category.model.js
FN:4,(anonymous_0)
FNF:1
FNH:1
FNDA:3,(anonymous_0)
DA:4,3
DA:5,3
DA:13,3
LF:3
LH:3
BRF:0
BRH:0
end_of_record
TN:
SF:src/models/index.js
FNF:0
FNH:0
DA:11,3
DA:12,3
DA:13,3
DA:14,3
DA:15,3
DA:16,3
DA:19,3
DA:20,3
DA:22,3
DA:23,3
DA:25,3
DA:26,3
DA:28,3
DA:29,3
DA:31,3
DA:32,3
DA:34,3
DA:35,3
LF:18
LH:18
BRF:0
BRH:0
end_of_record
TN:
SF:src/models/order.model.js
FN:3,(anonymous_0)
FNF:1
FNH:1
FNDA:3,(anonymous_0)
DA:3,3
DA:4,3
DA:13,3
LF:3
LH:3
BRF:0
BRH:0
end_of_record
TN:
SF:src/models/orderItem.model.js
FN:2,(anonymous_0)
FNF:1
FNH:1
FNDA:3,(anonymous_0)
DA:2,3
DA:3,3
DA:13,3
LF:3
LH:3
BRF:0
BRH:0
end_of_record
TN:
SF:src/models/product.model.js
FN:3,(anonymous_0)
FNF:1
FNH:1
FNDA:3,(anonymous_0)
DA:3,3
DA:4,3
DA:16,3
LF:3
LH:3
BRF:0
BRH:0
end_of_record
TN:
SF:src/models/user.model.js
FN:5,(anonymous_0)
FN:15,(anonymous_1)
FN:19,(anonymous_2)
FN:28,(anonymous_3)
FNF:4
FNH:3
FNDA:3,(anonymous_0)
FNDA:4,(anonymous_1)
FNDA:0,(anonymous_2)
FNDA:4,(anonymous_3)
DA:5,3
DA:6,3
DA:16,4
DA:17,4
DA:20,0
DA:21,0
DA:22,0
DA:28,3
DA:29,4
DA:32,3
LF:10
LH:7
BRDA:16,0,0,4
BRDA:16,0,1,0
BRDA:20,1,0,0
BRDA:20,1,1,0
BRDA:21,2,0,0
BRDA:21,2,1,0
BRF:6
BRH:1
end_of_record
TN:
SF:src/routes/auth.routes.js
FNF:0
FNH:0
DA:6,3
DA:9,3
DA:34,3
LF:3
LH:3
BRF:0
BRH:0
end_of_record
TN:
SF:src/routes/cart.routes.js
FNF:0
FNH:0
DA:11,3
DA:13,3
DA:15,3
DA:35,3
DA:45,3
LF:5
LH:5
BRF:0
BRH:0
end_of_record
TN:
SF:src/routes/category.routes.js
FNF:0
FNH:0
DA:13,3
DA:15,3
DA:16,3
DA:36,3
DA:46,3
DA:71,3
LF:6
LH:6
BRF:0
BRH:0
end_of_record
TN:
SF:src/routes/index.js
FNF:0
FNH:0
DA:9,3
DA:11,3
DA:12,3
DA:13,3
DA:14,3
DA:15,3
LF:6
LH:6
BRF:0
BRH:0
end_of_record
TN:
SF:src/routes/order.routes.js
FNF:0
FNH:0
DA:5,3
DA:7,3
DA:9,3
DA:19,3
LF:4
LH:4
BRF:0
BRH:0
end_of_record
TN:
SF:src/routes/product.routes.js
FNF:0
FNH:0
DA:16,3
DA:18,3
DA:50,3
DA:82,3
DA:100,3
LF:5
LH:5
BRF:0
BRH:0
end_of_record
TN:
SF:src/services/cloudinary.service.js
FNF:0
FNH:0
DA:3,3
LF:1
LH:1
BRF:0
BRH:0
end_of_record
TN:
SF:src/utils/validators.js
FNF:0
FNH:0
DA:4,3
DA:10,3
DA:15,3
DA:20,3
DA:27,3
DA:32,3
LF:6
LH:6
BRF:0
BRH:0
end_of_record
